/*C2*/SET SCHEMA PUBLIC
DELETE FROM "mendixsystem$version" WHERE "versionnumber"='4.2'
INSERT INTO "mendixsystem$version" VALUES('4.2','2023-01-12 16:47:33.166000','3.0.0','unversioned','Incoterms')
COMMIT
/*C3*/SET SCHEMA PUBLIC
DELETE FROM "system$userrole" WHERE "id"=2533274790395905
INSERT INTO "system$userrole" VALUES(2533274790395905,'8dd52bfa-6d7e-453b-b506-303c0a3d9567','','Administrator')
DELETE FROM "system$userrole" WHERE "id"=2533274790395906
INSERT INTO "system$userrole" VALUES(2533274790395906,'53f5d6fa-6da9-4a71-b011-454ec052cce8','','User')
COMMIT
/*C4*/SET SCHEMA PUBLIC
DELETE FROM "system$user" WHERE "id"=3377699720527873
INSERT INTO "system$user" VALUES(3377699720527873,'2023-01-12 16:23:24.089000',TRUE,'2023-01-12 16:23:24.089000',NULL,FALSE,FALSE,0,FALSE,'demo_administrator','{BCrypt}$2a$10$DED1.yeIMVyUl8TG/F6HA.cmjsxe1amHaAk4h1dLoNf5j6.i0O5xm','Administration.Account',NULL,3377699720527873)
COMMIT
/*C2*/DELETE FROM "system$user" WHERE "id"=3377699720527874
INSERT INTO "system$user" VALUES(3377699720527874,'2023-01-12 16:23:24.261000',TRUE,'2023-01-12 16:23:24.261000',NULL,FALSE,FALSE,0,FALSE,'demo_user','{BCrypt}$2a$10$MTKFqsW7Knt.FYMuVxwOfu2jXzhc7Z/vJuiRhO96yq6FxvllnY.qm','Administration.Account',NULL,3377699720527874)
COMMIT
DELETE FROM "mendixsystem$properties" WHERE "key"='Mendix.Runtime.DeploymentID'
INSERT INTO "mendixsystem$properties" VALUES('Mendix.Runtime.DeploymentID','638091475872368140')
COMMIT
DELETE FROM "system$session" WHERE "id"=6192449487634533
DELETE FROM "system$session_user" WHERE "system$sessionid"=6192449487634533 AND "system$userid"=281474976710657
COMMIT
/*C3*/DELETE FROM "system$user" WHERE "id"=281474976710657
INSERT INTO "system$user" VALUES(281474976710657,'2023-01-12 16:23:24.806000',TRUE,'2023-01-12 16:23:24.806000','2023-01-12 16:49:38.865000',FALSE,FALSE,0,FALSE,'MxAdmin','{BCrypt}$2a$10$iNuQY17pSWaXKbVM2eJ4h.Mk..YJyUj7Vy4jFNxE6zm2G7a3izUzu','System.User',NULL,281474976710657)
COMMIT
DELETE FROM "mendixsystem$entityidentifier" WHERE "id"='d4154981-8dac-4150-aec5-efa3ef62a7a2'
INSERT INTO "mendixsystem$entityidentifier" VALUES('d4154981-8dac-4150-aec5-efa3ef62a7a2',2,301)
COMMIT
INSERT INTO "system$xasinstance" VALUES(562949953421513,'7ad62bc0-a60a-43ae-94b4-5c8e580119e8','2023-01-12 19:13:18.802000','2023-01-12 19:13:18.749000',NULL,NULL,NULL)
COMMIT
DELETE FROM "system$user" WHERE "id"=281474976710657
INSERT INTO "system$user" VALUES(281474976710657,'2023-01-12 16:23:24.806000',TRUE,'2023-01-12 16:23:24.806000','2023-01-12 19:13:42.619000',FALSE,FALSE,0,FALSE,'MxAdmin','{BCrypt}$2a$10$iNuQY17pSWaXKbVM2eJ4h.Mk..YJyUj7Vy4jFNxE6zm2G7a3izUzu','System.User',NULL,281474976710657)
COMMIT
/*C2*/DELETE FROM "mendixsystem$entityidentifier" WHERE "id"='37f9fd49-5318-4c63-9a51-f761779b202f'
INSERT INTO "mendixsystem$entityidentifier" VALUES('37f9fd49-5318-4c63-9a51-f761779b202f',22,301)
COMMIT
INSERT INTO "system$session" VALUES(6192449487634633,'dc213dc8-a36d-43a8-ad8c-d10ffba7d37c','2023-01-12 19:13:42.651000','3c194c49-48aa-46fc-9a10-6d78fc4045dd','2023-01-12 19:13:42.651000','828f95d1-6ffb-49c7-877c-62a8b14af5a7')
INSERT INTO "system$session_user" VALUES(6192449487634633,281474976710657)
COMMIT
DELETE FROM "mendixsystem$entityidentifier" WHERE "id"='5b039f78-c3dc-439a-bd6c-79ab717b6d67'
INSERT INTO "mendixsystem$entityidentifier" VALUES('5b039f78-c3dc-439a-bd6c-79ab717b6d67',26,301)
COMMIT
DELETE FROM "system$session" WHERE "id"=6192449487634633
INSERT INTO "system$session" VALUES(6192449487634633,'dc213dc8-a36d-43a8-ad8c-d10ffba7d37c','2023-01-12 19:13:42.651000','3c194c49-48aa-46fc-9a10-6d78fc4045dd','2023-01-12 19:14:03.446000','828f95d1-6ffb-49c7-877c-62a8b14af5a7')
COMMIT
/*C3*/DELETE FROM "system$xasinstance" WHERE "id"=562949953421513
INSERT INTO "system$xasinstance" VALUES(562949953421513,'7ad62bc0-a60a-43ae-94b4-5c8e580119e8','2023-01-12 19:13:18.802000','2023-01-12 19:18:18.844000',NULL,NULL,NULL)
COMMIT
DELETE FROM "system$session" WHERE "id"=6192449487634633
INSERT INTO "system$session" VALUES(6192449487634633,'dc213dc8-a36d-43a8-ad8c-d10ffba7d37c','2023-01-12 19:13:42.651000','3c194c49-48aa-46fc-9a10-6d78fc4045dd','2023-01-12 19:18:46.894000','828f95d1-6ffb-49c7-877c-62a8b14af5a7')
COMMIT
/*C2*/DELETE FROM "system$xasinstance" WHERE "id"=562949953421513
INSERT INTO "system$xasinstance" VALUES(562949953421513,'7ad62bc0-a60a-43ae-94b4-5c8e580119e8','2023-01-12 19:13:18.802000','2023-01-12 19:23:18.873000',NULL,NULL,NULL)
COMMIT
DELETE FROM "system$session" WHERE "id"=6192449487634633
INSERT INTO "system$session" VALUES(6192449487634633,'dc213dc8-a36d-43a8-ad8c-d10ffba7d37c','2023-01-12 19:13:42.651000','3c194c49-48aa-46fc-9a10-6d78fc4045dd','2023-01-12 19:23:46.877000','828f95d1-6ffb-49c7-877c-62a8b14af5a7')
COMMIT
/*C4*/DISCONNECT
/*C2*/DELETE FROM "system$xasinstance" WHERE "id"=562949953421513
INSERT INTO "system$xasinstance" VALUES(562949953421513,'7ad62bc0-a60a-43ae-94b4-5c8e580119e8','2023-01-12 19:13:18.802000','2023-01-12 19:28:18.885000',NULL,NULL,NULL)
COMMIT
DELETE FROM "system$session" WHERE "id"=6192449487634633
INSERT INTO "system$session" VALUES(6192449487634633,'dc213dc8-a36d-43a8-ad8c-d10ffba7d37c','2023-01-12 19:13:42.651000','3c194c49-48aa-46fc-9a10-6d78fc4045dd','2023-01-12 19:28:46.873000','828f95d1-6ffb-49c7-877c-62a8b14af5a7')
COMMIT
/*C3*/DISCONNECT
/*C2*/DELETE FROM "system$xasinstance" WHERE "id"=562949953421513
INSERT INTO "system$xasinstance" VALUES(562949953421513,'7ad62bc0-a60a-43ae-94b4-5c8e580119e8','2023-01-12 19:13:18.802000','2023-01-12 19:33:18.899000',NULL,NULL,NULL)
COMMIT
DELETE FROM "system$session" WHERE "id"=6192449487634633
INSERT INTO "system$session" VALUES(6192449487634633,'dc213dc8-a36d-43a8-ad8c-d10ffba7d37c','2023-01-12 19:13:42.651000','3c194c49-48aa-46fc-9a10-6d78fc4045dd','2023-01-12 19:33:46.868000','828f95d1-6ffb-49c7-877c-62a8b14af5a7')
COMMIT
DELETE FROM "system$xasinstance" WHERE "id"=562949953421513
INSERT INTO "system$xasinstance" VALUES(562949953421513,'7ad62bc0-a60a-43ae-94b4-5c8e580119e8','2023-01-12 19:13:18.802000','2023-01-12 19:38:18.909000',NULL,NULL,NULL)
COMMIT
DELETE FROM "system$session" WHERE "id"=6192449487634633
INSERT INTO "system$session" VALUES(6192449487634633,'dc213dc8-a36d-43a8-ad8c-d10ffba7d37c','2023-01-12 19:13:42.651000','3c194c49-48aa-46fc-9a10-6d78fc4045dd','2023-01-12 19:39:30.882000','828f95d1-6ffb-49c7-877c-62a8b14af5a7')
COMMIT
DELETE FROM "system$xasinstance" WHERE "id"=562949953421513
INSERT INTO "system$xasinstance" VALUES(562949953421513,'7ad62bc0-a60a-43ae-94b4-5c8e580119e8','2023-01-12 19:13:18.802000','2023-01-12 19:43:18.923000',NULL,NULL,NULL)
COMMIT
DELETE FROM "system$session" WHERE "id"=6192449487634633
INSERT INTO "system$session" VALUES(6192449487634633,'dc213dc8-a36d-43a8-ad8c-d10ffba7d37c','2023-01-12 19:13:42.651000','3c194c49-48aa-46fc-9a10-6d78fc4045dd','2023-01-12 19:44:30.873000','828f95d1-6ffb-49c7-877c-62a8b14af5a7')
COMMIT
DELETE FROM "system$xasinstance" WHERE "id"=562949953421513
INSERT INTO "system$xasinstance" VALUES(562949953421513,'7ad62bc0-a60a-43ae-94b4-5c8e580119e8','2023-01-12 19:13:18.802000','2023-01-12 19:48:18.934000',NULL,NULL,NULL)
COMMIT
DELETE FROM "system$session" WHERE "id"=6192449487634633
INSERT INTO "system$session" VALUES(6192449487634633,'dc213dc8-a36d-43a8-ad8c-d10ffba7d37c','2023-01-12 19:13:42.651000','3c194c49-48aa-46fc-9a10-6d78fc4045dd','2023-01-12 19:49:30.886000','828f95d1-6ffb-49c7-877c-62a8b14af5a7')
COMMIT
DELETE FROM "system$xasinstance" WHERE "id"=562949953421513
INSERT INTO "system$xasinstance" VALUES(562949953421513,'7ad62bc0-a60a-43ae-94b4-5c8e580119e8','2023-01-12 19:13:18.802000','2023-01-12 19:53:18.948000',NULL,NULL,NULL)
COMMIT
DELETE FROM "system$session" WHERE "id"=6192449487634633
INSERT INTO "system$session" VALUES(6192449487634633,'dc213dc8-a36d-43a8-ad8c-d10ffba7d37c','2023-01-12 19:13:42.651000','3c194c49-48aa-46fc-9a10-6d78fc4045dd','2023-01-12 19:54:30.870000','828f95d1-6ffb-49c7-877c-62a8b14af5a7')
COMMIT
DELETE FROM "system$xasinstance" WHERE "id"=562949953421513
INSERT INTO "system$xasinstance" VALUES(562949953421513,'7ad62bc0-a60a-43ae-94b4-5c8e580119e8','2023-01-12 19:13:18.802000','2023-01-12 19:58:18.957000',NULL,NULL,NULL)
COMMIT
DELETE FROM "system$session" WHERE "id"=6192449487634633
INSERT INTO "system$session" VALUES(6192449487634633,'dc213dc8-a36d-43a8-ad8c-d10ffba7d37c','2023-01-12 19:13:42.651000','3c194c49-48aa-46fc-9a10-6d78fc4045dd','2023-01-12 19:59:30.860000','828f95d1-6ffb-49c7-877c-62a8b14af5a7')
COMMIT
DELETE FROM "system$xasinstance" WHERE "id"=562949953421513
INSERT INTO "system$xasinstance" VALUES(562949953421513,'7ad62bc0-a60a-43ae-94b4-5c8e580119e8','2023-01-12 19:13:18.802000','2023-01-12 20:03:18.973000',NULL,NULL,NULL)
COMMIT
DELETE FROM "system$session" WHERE "id"=6192449487634633
INSERT INTO "system$session" VALUES(6192449487634633,'dc213dc8-a36d-43a8-ad8c-d10ffba7d37c','2023-01-12 19:13:42.651000','3c194c49-48aa-46fc-9a10-6d78fc4045dd','2023-01-12 20:04:30.877000','828f95d1-6ffb-49c7-877c-62a8b14af5a7')
COMMIT
DELETE FROM "system$xasinstance" WHERE "id"=562949953421513
INSERT INTO "system$xasinstance" VALUES(562949953421513,'7ad62bc0-a60a-43ae-94b4-5c8e580119e8','2023-01-12 19:13:18.802000','2023-01-12 20:08:18.982000',NULL,NULL,NULL)
COMMIT
DELETE FROM "system$session" WHERE "id"=6192449487634633
INSERT INTO "system$session" VALUES(6192449487634633,'dc213dc8-a36d-43a8-ad8c-d10ffba7d37c','2023-01-12 19:13:42.651000','3c194c49-48aa-46fc-9a10-6d78fc4045dd','2023-01-12 20:09:30.875000','828f95d1-6ffb-49c7-877c-62a8b14af5a7')
COMMIT
DELETE FROM "system$xasinstance" WHERE "id"=562949953421513
INSERT INTO "system$xasinstance" VALUES(562949953421513,'7ad62bc0-a60a-43ae-94b4-5c8e580119e8','2023-01-12 19:13:18.802000','2023-01-12 20:13:18.999000',NULL,NULL,NULL)
COMMIT
DELETE FROM "system$session" WHERE "id"=6192449487634633
INSERT INTO "system$session" VALUES(6192449487634633,'dc213dc8-a36d-43a8-ad8c-d10ffba7d37c','2023-01-12 19:13:42.651000','3c194c49-48aa-46fc-9a10-6d78fc4045dd','2023-01-12 20:14:30.881000','828f95d1-6ffb-49c7-877c-62a8b14af5a7')
COMMIT
DELETE FROM "system$xasinstance" WHERE "id"=562949953421513
INSERT INTO "system$xasinstance" VALUES(562949953421513,'7ad62bc0-a60a-43ae-94b4-5c8e580119e8','2023-01-12 19:13:18.802000','2023-01-12 20:18:19.007000',NULL,NULL,NULL)
COMMIT
DELETE FROM "system$session" WHERE "id"=6192449487634633
INSERT INTO "system$session" VALUES(6192449487634633,'dc213dc8-a36d-43a8-ad8c-d10ffba7d37c','2023-01-12 19:13:42.651000','3c194c49-48aa-46fc-9a10-6d78fc4045dd','2023-01-12 20:19:30.878000','828f95d1-6ffb-49c7-877c-62a8b14af5a7')
COMMIT
DELETE FROM "system$xasinstance" WHERE "id"=562949953421513
INSERT INTO "system$xasinstance" VALUES(562949953421513,'7ad62bc0-a60a-43ae-94b4-5c8e580119e8','2023-01-12 19:13:18.802000','2023-01-12 20:23:19.024000',NULL,NULL,NULL)
COMMIT
DELETE FROM "system$session" WHERE "id"=6192449487634633
INSERT INTO "system$session" VALUES(6192449487634633,'dc213dc8-a36d-43a8-ad8c-d10ffba7d37c','2023-01-12 19:13:42.651000','3c194c49-48aa-46fc-9a10-6d78fc4045dd','2023-01-12 20:24:30.862000','828f95d1-6ffb-49c7-877c-62a8b14af5a7')
COMMIT
DELETE FROM "system$xasinstance" WHERE "id"=562949953421513
INSERT INTO "system$xasinstance" VALUES(562949953421513,'7ad62bc0-a60a-43ae-94b4-5c8e580119e8','2023-01-12 19:13:18.802000','2023-01-12 20:28:19.033000',NULL,NULL,NULL)
COMMIT
DELETE FROM "system$session" WHERE "id"=6192449487634633
INSERT INTO "system$session" VALUES(6192449487634633,'dc213dc8-a36d-43a8-ad8c-d10ffba7d37c','2023-01-12 19:13:42.651000','3c194c49-48aa-46fc-9a10-6d78fc4045dd','2023-01-12 20:29:30.873000','828f95d1-6ffb-49c7-877c-62a8b14af5a7')
COMMIT
DELETE FROM "system$xasinstance" WHERE "id"=562949953421513
INSERT INTO "system$xasinstance" VALUES(562949953421513,'7ad62bc0-a60a-43ae-94b4-5c8e580119e8','2023-01-12 19:13:18.802000','2023-01-12 20:33:19.048000',NULL,NULL,NULL)
COMMIT
DELETE FROM "system$session" WHERE "id"=6192449487634633
INSERT INTO "system$session" VALUES(6192449487634633,'dc213dc8-a36d-43a8-ad8c-d10ffba7d37c','2023-01-12 19:13:42.651000','3c194c49-48aa-46fc-9a10-6d78fc4045dd','2023-01-12 20:34:30.870000','828f95d1-6ffb-49c7-877c-62a8b14af5a7')
COMMIT
DELETE FROM "system$xasinstance" WHERE "id"=562949953421513
INSERT INTO "system$xasinstance" VALUES(562949953421513,'7ad62bc0-a60a-43ae-94b4-5c8e580119e8','2023-01-12 19:13:18.802000','2023-01-12 20:38:19.059000',NULL,NULL,NULL)
COMMIT
DELETE FROM "system$session" WHERE "id"=6192449487634633
INSERT INTO "system$session" VALUES(6192449487634633,'dc213dc8-a36d-43a8-ad8c-d10ffba7d37c','2023-01-12 19:13:42.651000','3c194c49-48aa-46fc-9a10-6d78fc4045dd','2023-01-12 20:39:30.867000','828f95d1-6ffb-49c7-877c-62a8b14af5a7')
COMMIT
DELETE FROM "system$xasinstance" WHERE "id"=562949953421513
INSERT INTO "system$xasinstance" VALUES(562949953421513,'7ad62bc0-a60a-43ae-94b4-5c8e580119e8','2023-01-12 19:13:18.802000','2023-01-12 20:43:19.076000',NULL,NULL,NULL)
COMMIT
DELETE FROM "system$session" WHERE "id"=6192449487634633
INSERT INTO "system$session" VALUES(6192449487634633,'dc213dc8-a36d-43a8-ad8c-d10ffba7d37c','2023-01-12 19:13:42.651000','3c194c49-48aa-46fc-9a10-6d78fc4045dd','2023-01-12 20:44:30.863000','828f95d1-6ffb-49c7-877c-62a8b14af5a7')
COMMIT
DELETE FROM "system$xasinstance" WHERE "id"=562949953421513
INSERT INTO "system$xasinstance" VALUES(562949953421513,'7ad62bc0-a60a-43ae-94b4-5c8e580119e8','2023-01-12 19:13:18.802000','2023-01-12 20:48:19.086000',NULL,NULL,NULL)
COMMIT
DELETE FROM "system$session" WHERE "id"=6192449487634633
INSERT INTO "system$session" VALUES(6192449487634633,'dc213dc8-a36d-43a8-ad8c-d10ffba7d37c','2023-01-12 19:13:42.651000','3c194c49-48aa-46fc-9a10-6d78fc4045dd','2023-01-12 20:49:30.856000','828f95d1-6ffb-49c7-877c-62a8b14af5a7')
COMMIT
DELETE FROM "system$xasinstance" WHERE "id"=562949953421513
INSERT INTO "system$xasinstance" VALUES(562949953421513,'7ad62bc0-a60a-43ae-94b4-5c8e580119e8','2023-01-12 19:13:18.802000','2023-01-12 20:53:19.101000',NULL,NULL,NULL)
COMMIT
DELETE FROM "system$session" WHERE "id"=6192449487634633
INSERT INTO "system$session" VALUES(6192449487634633,'dc213dc8-a36d-43a8-ad8c-d10ffba7d37c','2023-01-12 19:13:42.651000','3c194c49-48aa-46fc-9a10-6d78fc4045dd','2023-01-12 20:54:30.872000','828f95d1-6ffb-49c7-877c-62a8b14af5a7')
COMMIT
DELETE FROM "system$xasinstance" WHERE "id"=562949953421513
INSERT INTO "system$xasinstance" VALUES(562949953421513,'7ad62bc0-a60a-43ae-94b4-5c8e580119e8','2023-01-12 19:13:18.802000','2023-01-12 20:58:19.112000',NULL,NULL,NULL)
COMMIT
DELETE FROM "system$session" WHERE "id"=6192449487634633
INSERT INTO "system$session" VALUES(6192449487634633,'dc213dc8-a36d-43a8-ad8c-d10ffba7d37c','2023-01-12 19:13:42.651000','3c194c49-48aa-46fc-9a10-6d78fc4045dd','2023-01-12 20:59:30.865000','828f95d1-6ffb-49c7-877c-62a8b14af5a7')
COMMIT
DELETE FROM "system$xasinstance" WHERE "id"=562949953421513
INSERT INTO "system$xasinstance" VALUES(562949953421513,'7ad62bc0-a60a-43ae-94b4-5c8e580119e8','2023-01-12 19:13:18.802000','2023-01-12 21:03:19.123000',NULL,NULL,NULL)
COMMIT
DELETE FROM "system$session" WHERE "id"=6192449487634633
INSERT INTO "system$session" VALUES(6192449487634633,'dc213dc8-a36d-43a8-ad8c-d10ffba7d37c','2023-01-12 19:13:42.651000','3c194c49-48aa-46fc-9a10-6d78fc4045dd','2023-01-12 21:04:30.865000','828f95d1-6ffb-49c7-877c-62a8b14af5a7')
COMMIT
DELETE FROM "system$xasinstance" WHERE "id"=562949953421513
INSERT INTO "system$xasinstance" VALUES(562949953421513,'7ad62bc0-a60a-43ae-94b4-5c8e580119e8','2023-01-12 19:13:18.802000','2023-01-12 21:08:19.136000',NULL,NULL,NULL)
COMMIT
DELETE FROM "system$session" WHERE "id"=6192449487634633
INSERT INTO "system$session" VALUES(6192449487634633,'dc213dc8-a36d-43a8-ad8c-d10ffba7d37c','2023-01-12 19:13:42.651000','3c194c49-48aa-46fc-9a10-6d78fc4045dd','2023-01-12 21:09:30.859000','828f95d1-6ffb-49c7-877c-62a8b14af5a7')
COMMIT
DELETE FROM "system$xasinstance" WHERE "id"=562949953421513
INSERT INTO "system$xasinstance" VALUES(562949953421513,'7ad62bc0-a60a-43ae-94b4-5c8e580119e8','2023-01-12 19:13:18.802000','2023-01-12 21:13:19.148000',NULL,NULL,NULL)
COMMIT
DELETE FROM "system$session" WHERE "id"=6192449487634633
INSERT INTO "system$session" VALUES(6192449487634633,'dc213dc8-a36d-43a8-ad8c-d10ffba7d37c','2023-01-12 19:13:42.651000','3c194c49-48aa-46fc-9a10-6d78fc4045dd','2023-01-12 21:14:30.853000','828f95d1-6ffb-49c7-877c-62a8b14af5a7')
COMMIT
DELETE FROM "system$xasinstance" WHERE "id"=562949953421513
INSERT INTO "system$xasinstance" VALUES(562949953421513,'7ad62bc0-a60a-43ae-94b4-5c8e580119e8','2023-01-12 19:13:18.802000','2023-01-12 21:18:19.162000',NULL,NULL,NULL)
COMMIT
DELETE FROM "system$session" WHERE "id"=6192449487634633
INSERT INTO "system$session" VALUES(6192449487634633,'dc213dc8-a36d-43a8-ad8c-d10ffba7d37c','2023-01-12 19:13:42.651000','3c194c49-48aa-46fc-9a10-6d78fc4045dd','2023-01-12 21:19:30.864000','828f95d1-6ffb-49c7-877c-62a8b14af5a7')
COMMIT
DELETE FROM "system$xasinstance" WHERE "id"=562949953421513
INSERT INTO "system$xasinstance" VALUES(562949953421513,'7ad62bc0-a60a-43ae-94b4-5c8e580119e8','2023-01-12 19:13:18.802000','2023-01-12 21:23:19.175000',NULL,NULL,NULL)
COMMIT
DELETE FROM "system$session" WHERE "id"=6192449487634633
INSERT INTO "system$session" VALUES(6192449487634633,'dc213dc8-a36d-43a8-ad8c-d10ffba7d37c','2023-01-12 19:13:42.651000','3c194c49-48aa-46fc-9a10-6d78fc4045dd','2023-01-12 21:24:30.863000','828f95d1-6ffb-49c7-877c-62a8b14af5a7')
COMMIT
DELETE FROM "system$xasinstance" WHERE "id"=562949953421513
INSERT INTO "system$xasinstance" VALUES(562949953421513,'7ad62bc0-a60a-43ae-94b4-5c8e580119e8','2023-01-12 19:13:18.802000','2023-01-12 21:28:19.186000',NULL,NULL,NULL)
COMMIT
DELETE FROM "system$session" WHERE "id"=6192449487634633
INSERT INTO "system$session" VALUES(6192449487634633,'dc213dc8-a36d-43a8-ad8c-d10ffba7d37c','2023-01-12 19:13:42.651000','3c194c49-48aa-46fc-9a10-6d78fc4045dd','2023-01-12 21:29:30.859000','828f95d1-6ffb-49c7-877c-62a8b14af5a7')
COMMIT
DELETE FROM "system$xasinstance" WHERE "id"=562949953421513
INSERT INTO "system$xasinstance" VALUES(562949953421513,'7ad62bc0-a60a-43ae-94b4-5c8e580119e8','2023-01-12 19:13:18.802000','2023-01-12 21:33:19.202000',NULL,NULL,NULL)
COMMIT
DELETE FROM "system$session" WHERE "id"=6192449487634633
INSERT INTO "system$session" VALUES(6192449487634633,'dc213dc8-a36d-43a8-ad8c-d10ffba7d37c','2023-01-12 19:13:42.651000','3c194c49-48aa-46fc-9a10-6d78fc4045dd','2023-01-12 21:34:30.848000','828f95d1-6ffb-49c7-877c-62a8b14af5a7')
COMMIT
DELETE FROM "system$xasinstance" WHERE "id"=562949953421513
INSERT INTO "system$xasinstance" VALUES(562949953421513,'7ad62bc0-a60a-43ae-94b4-5c8e580119e8','2023-01-12 19:13:18.802000','2023-01-12 21:38:19.222000',NULL,NULL,NULL)
COMMIT
DELETE FROM "system$session" WHERE "id"=6192449487634633
INSERT INTO "system$session" VALUES(6192449487634633,'dc213dc8-a36d-43a8-ad8c-d10ffba7d37c','2023-01-12 19:13:42.651000','3c194c49-48aa-46fc-9a10-6d78fc4045dd','2023-01-12 21:39:30.871000','828f95d1-6ffb-49c7-877c-62a8b14af5a7')
COMMIT
DELETE FROM "system$xasinstance" WHERE "id"=562949953421513
INSERT INTO "system$xasinstance" VALUES(562949953421513,'7ad62bc0-a60a-43ae-94b4-5c8e580119e8','2023-01-12 19:13:18.802000','2023-01-12 21:43:19.238000',NULL,NULL,NULL)
COMMIT
DELETE FROM "system$session" WHERE "id"=6192449487634633
INSERT INTO "system$session" VALUES(6192449487634633,'dc213dc8-a36d-43a8-ad8c-d10ffba7d37c','2023-01-12 19:13:42.651000','3c194c49-48aa-46fc-9a10-6d78fc4045dd','2023-01-12 21:44:30.845000','828f95d1-6ffb-49c7-877c-62a8b14af5a7')
COMMIT
DELETE FROM "system$xasinstance" WHERE "id"=562949953421513
INSERT INTO "system$xasinstance" VALUES(562949953421513,'7ad62bc0-a60a-43ae-94b4-5c8e580119e8','2023-01-12 19:13:18.802000','2023-01-12 21:48:19.256000',NULL,NULL,NULL)
COMMIT
DELETE FROM "system$session" WHERE "id"=6192449487634633
INSERT INTO "system$session" VALUES(6192449487634633,'dc213dc8-a36d-43a8-ad8c-d10ffba7d37c','2023-01-12 19:13:42.651000','3c194c49-48aa-46fc-9a10-6d78fc4045dd','2023-01-12 21:49:30.860000','828f95d1-6ffb-49c7-877c-62a8b14af5a7')
COMMIT
DELETE FROM "system$xasinstance" WHERE "id"=562949953421513
INSERT INTO "system$xasinstance" VALUES(562949953421513,'7ad62bc0-a60a-43ae-94b4-5c8e580119e8','2023-01-12 19:13:18.802000','2023-01-12 21:53:19.263000',NULL,NULL,NULL)
COMMIT
DELETE FROM "system$session" WHERE "id"=6192449487634633
INSERT INTO "system$session" VALUES(6192449487634633,'dc213dc8-a36d-43a8-ad8c-d10ffba7d37c','2023-01-12 19:13:42.651000','3c194c49-48aa-46fc-9a10-6d78fc4045dd','2023-01-12 21:54:30.858000','828f95d1-6ffb-49c7-877c-62a8b14af5a7')
COMMIT
DELETE FROM "system$xasinstance" WHERE "id"=562949953421513
INSERT INTO "system$xasinstance" VALUES(562949953421513,'7ad62bc0-a60a-43ae-94b4-5c8e580119e8','2023-01-12 19:13:18.802000','2023-01-12 21:58:19.282000',NULL,NULL,NULL)
COMMIT
